<?xml version="1.0" encoding="UTF-8"?>
<!-- Generated by org.testng.reporters.JUnitXMLReporter -->
<testsuite hostname="Home" ignored="0" name="Command line test" tests="3" failures="0" timestamp="15 окт 2017 22:16:23 GMT" time="17.303" errors="0">
  <testcase name="assertOtherCountryItemIsDisplayed" time="0.128" classname="com.epam.stv.design.AirDefaultPageTest"/>
  <testcase name="clickOnOtherCountryLink" time="3.203" classname="com.epam.stv.design.AirDefaultPageTest"/>
  <testcase name="inspectAirHomePageOpened" time="0.014" classname="com.epam.stv.design.AirDefaultPageTest"/>
</testsuite> <!-- Command line test -->
